[WARN  Mo 11 Apr 2022 13:01:00 CEST] ...im/pack/standalone/opt/nvim-metals/lua/metals/config.lua:286: Welcome to nvim-metals!
It looks like you don't have Metals installed yet.

You can do this using `:MetalsInstall`.

If you need to set a specific version, you can set it in your settings table.
[WARN  Mo 11 Apr 2022 13:01:04 CEST] ...im/pack/standalone/opt/nvim-metals/lua/metals/config.lua:286: Welcome to nvim-metals!
It looks like you don't have Metals installed yet.

You can do this using `:MetalsInstall`.

If you need to set a specific version, you can set it in your settings table.
[WARN  Mo 11 Apr 2022 13:04:28 CEST] ...im/pack/standalone/opt/nvim-metals/lua/metals/config.lua:286: Welcome to nvim-metals!
It looks like you don't have Metals installed yet.

You can do this using `:MetalsInstall`.

If you need to set a specific version, you can set it in your settings table.
[WARN  Mo 11 Apr 2022 13:04:30 CEST] ...im/pack/standalone/opt/nvim-metals/lua/metals/config.lua:286: Welcome to nvim-metals!
It looks like you don't have Metals installed yet.

You can do this using `:MetalsInstall`.

If you need to set a specific version, you can set it in your settings table.
[WARN  Mo 11 Apr 2022 13:05:44 CEST] ...im/pack/standalone/opt/nvim-metals/lua/metals/config.lua:286: Welcome to nvim-metals!
It looks like you don't have Metals installed yet.

You can do this using `:MetalsInstall`.

If you need to set a specific version, you can set it in your settings table.
[WARN  Mo 11 Apr 2022 13:05:46 CEST] ...im/pack/standalone/opt/nvim-metals/lua/metals/config.lua:286: Welcome to nvim-metals!
It looks like you don't have Metals installed yet.

You can do this using `:MetalsInstall`.

If you need to set a specific version, you can set it in your settings table.
[INFO  Mo 11 Apr 2022 13:06:00 CEST] ...m/pack/standalone/opt/nvim-metals/lua/metals/install.lua:37: Downloading https://repo1.maven.org/maven2/org/scalameta/metals_2.13/0.11.2+166-fc2e37c1-SNAPSHOT/metals_2.13-0.11.2+166-fc2e37c1-SNAPSHOT.pom
[INFO  Mo 11 Apr 2022 13:06:00 CEST] ...m/pack/standalone/opt/nvim-metals/lua/metals/install.lua:37: Downloaded https://repo1.maven.org/maven2/org/scalameta/metals_2.13/0.11.2+166-fc2e37c1-SNAPSHOT/metals_2.13-0.11.2+166-fc2e37c1-SNAPSHOT.pom
[INFO  Mo 11 Apr 2022 13:06:00 CEST] ...m/pack/standalone/opt/nvim-metals/lua/metals/install.lua:37: Downloading https://repo1.maven.org/maven2/org/scalameta/metals_2.13/0.11.2+166-fc2e37c1-SNAPSHOT/metals_2.13-0.11.2+166-fc2e37c1-SNAPSHOT.pom.sha1
[INFO  Mo 11 Apr 2022 13:06:00 CEST] ...m/pack/standalone/opt/nvim-metals/lua/metals/install.lua:37: Downloaded https://repo1.maven.org/maven2/org/scalameta/metals_2.13/0.11.2+166-fc2e37c1-SNAPSHOT/metals_2.13-0.11.2+166-fc2e37c1-SNAPSHOT.pom.sha1
[INFO  Mo 11 Apr 2022 13:06:00 CEST] ...m/pack/standalone/opt/nvim-metals/lua/metals/install.lua:37: Downloading https://repo1.maven.org/maven2/org/scalameta/metals_2.13/0.11.2+166-fc2e37c1-SNAPSHOT/maven-metadata.xml
[INFO  Mo 11 Apr 2022 13:06:00 CEST] ...m/pack/standalone/opt/nvim-metals/lua/metals/install.lua:37: Downloaded https://repo1.maven.org/maven2/org/scalameta/metals_2.13/0.11.2+166-fc2e37c1-SNAPSHOT/maven-metadata.xml
[INFO  Mo 11 Apr 2022 13:06:00 CEST] ...m/pack/standalone/opt/nvim-metals/lua/metals/install.lua:37: Downloading https://repo1.maven.org/maven2/org/scalameta/metals_2.13/0.11.2+166-fc2e37c1-SNAPSHOT/maven-metadata.xml.sha1
[INFO  Mo 11 Apr 2022 13:06:00 CEST] ...m/pack/standalone/opt/nvim-metals/lua/metals/install.lua:37: Downloaded https://repo1.maven.org/maven2/org/scalameta/metals_2.13/0.11.2+166-fc2e37c1-SNAPSHOT/maven-metadata.xml.sha1
[INFO  Mo 11 Apr 2022 13:06:00 CEST] ...m/pack/standalone/opt/nvim-metals/lua/metals/install.lua:37: Downloading https://dl.bintray.com/scalacenter/releases/org/scalameta/metals_2.13/0.11.2+166-fc2e37c1-SNAPSHOT/metals_2.13-0.11.2+166-fc2e37c1-SNAPSHOT.pom
[INFO  Mo 11 Apr 2022 13:06:00 CEST] ...m/pack/standalone/opt/nvim-metals/lua/metals/install.lua:37: Downloaded https://dl.bintray.com/scalacenter/releases/org/scalameta/metals_2.13/0.11.2+166-fc2e37c1-SNAPSHOT/metals_2.13-0.11.2+166-fc2e37c1-SNAPSHOT.pom
[INFO  Mo 11 Apr 2022 13:06:00 CEST] ...m/pack/standalone/opt/nvim-metals/lua/metals/install.lua:37: Downloading https://dl.bintray.com/scalacenter/releases/org/scalameta/metals_2.13/0.11.2+166-fc2e37c1-SNAPSHOT/metals_2.13-0.11.2+166-fc2e37c1-SNAPSHOT.pom.sha1
[INFO  Mo 11 Apr 2022 13:06:00 CEST] ...m/pack/standalone/opt/nvim-metals/lua/metals/install.lua:37: Downloaded https://dl.bintray.com/scalacenter/releases/org/scalameta/metals_2.13/0.11.2+166-fc2e37c1-SNAPSHOT/metals_2.13-0.11.2+166-fc2e37c1-SNAPSHOT.pom.sha1
[INFO  Mo 11 Apr 2022 13:06:00 CEST] ...m/pack/standalone/opt/nvim-metals/lua/metals/install.lua:37: Downloading https://dl.bintray.com/scalacenter/releases/org/scalameta/metals_2.13/0.11.2+166-fc2e37c1-SNAPSHOT/maven-metadata.xml
[INFO  Mo 11 Apr 2022 13:06:00 CEST] ...m/pack/standalone/opt/nvim-metals/lua/metals/install.lua:37: Downloaded https://dl.bintray.com/scalacenter/releases/org/scalameta/metals_2.13/0.11.2+166-fc2e37c1-SNAPSHOT/maven-metadata.xml
[INFO  Mo 11 Apr 2022 13:06:00 CEST] ...m/pack/standalone/opt/nvim-metals/lua/metals/install.lua:37: Downloading https://dl.bintray.com/scalacenter/releases/org/scalameta/metals_2.13/0.11.2+166-fc2e37c1-SNAPSHOT/maven-metadata.xml.sha1
[INFO  Mo 11 Apr 2022 13:06:00 CEST] ...m/pack/standalone/opt/nvim-metals/lua/metals/install.lua:37: Downloaded https://dl.bintray.com/scalacenter/releases/org/scalameta/metals_2.13/0.11.2+166-fc2e37c1-SNAPSHOT/maven-metadata.xml.sha1
[INFO  Mo 11 Apr 2022 13:06:00 CEST] ...m/pack/standalone/opt/nvim-metals/lua/metals/install.lua:37: Downloading https://oss.sonatype.org/content/repositories/snapshots/org/scalameta/metals_2.13/0.11.2+166-fc2e37c1-SNAPSHOT/metals_2.13-0.11.2+166-fc2e37c1-SNAPSHOT.pom
[INFO  Mo 11 Apr 2022 13:06:00 CEST] ...m/pack/standalone/opt/nvim-metals/lua/metals/install.lua:37: Downloaded https://oss.sonatype.org/content/repositories/snapshots/org/scalameta/metals_2.13/0.11.2+166-fc2e37c1-SNAPSHOT/metals_2.13-0.11.2+166-fc2e37c1-SNAPSHOT.pom
[INFO  Mo 11 Apr 2022 13:06:00 CEST] ...m/pack/standalone/opt/nvim-metals/lua/metals/install.lua:37: Downloading https://oss.sonatype.org/content/repositories/snapshots/org/scalameta/metals_2.13/0.11.2+166-fc2e37c1-SNAPSHOT/metals_2.13-0.11.2+166-fc2e37c1-SNAPSHOT.pom.sha1
[INFO  Mo 11 Apr 2022 13:06:00 CEST] ...m/pack/standalone/opt/nvim-metals/lua/metals/install.lua:37: Downloaded https://oss.sonatype.org/content/repositories/snapshots/org/scalameta/metals_2.13/0.11.2+166-fc2e37c1-SNAPSHOT/metals_2.13-0.11.2+166-fc2e37c1-SNAPSHOT.pom.sha1
[INFO  Mo 11 Apr 2022 13:06:00 CEST] ...m/pack/standalone/opt/nvim-metals/lua/metals/install.lua:37: Downloading https://repo1.maven.org/maven2/org/scalameta/scalafmt-dynamic_2.13/3.4.0/scalafmt-dynamic_2.13-3.4.0.pom
[INFO  Mo 11 Apr 2022 13:06:00 CEST] ...m/pack/standalone/opt/nvim-metals/lua/metals/install.lua:37: Downloading https://repo1.maven.org/maven2/org/scalameta/scalameta_2.13/4.5.1/scalameta_2.13-4.5.1.pom
[INFO  Mo 11 Apr 2022 13:06:00 CEST] ...m/pack/standalone/opt/nvim-metals/lua/metals/install.lua:37: Downloading https://repo1.maven.org/maven2/ch/epfl/scala/bloop-launcher_2.13/1.4.13-55-1fc97fae/bloop-launcher_2.13-1.4.13-55-1fc97fae.pom
[INFO  Mo 11 Apr 2022 13:06:00 CEST] ...m/pack/standalone/opt/nvim-metals/lua/metals/install.lua:37: Downloading https://repo1.maven.org/maven2/com/outr/scribe-file_2.13/3.8.2/scribe-file_2.13-3.8.2.pom
[INFO  Mo 11 Apr 2022 13:06:00 CEST] ...m/pack/standalone/opt/nvim-metals/lua/metals/install.lua:37: Downloading https://repo1.maven.org/maven2/com/google/guava/guava/31.1-jre/guava-31.1-jre.pom
[INFO  Mo 11 Apr 2022 13:06:00 CEST] ...m/pack/standalone/opt/nvim-metals/lua/metals/install.lua:37: Downloading https://repo1.maven.org/maven2/com/h2database/h2/2.0.206/h2-2.0.206.pom
[INFO  Mo 11 Apr 2022 13:06:00 CEST] ...m/pack/standalone/opt/nvim-metals/lua/metals/install.lua:37: Downloaded https://repo1.maven.org/maven2/org/scalameta/scalafmt-dynamic_2.13/3.4.0/scalafmt-dynamic_2.13-3.4.0.pom
[INFO  Mo 11 Apr 2022 13:06:00 CEST] ...m/pack/standalone/opt/nvim-metals/lua/metals/install.lua:37: Downloading https://repo1.maven.org/maven2/org/scalameta/mdoc-interfaces/2.3.2/mdoc-interfaces-2.3.2.pom
[INFO  Mo 11 Apr 2022 13:06:00 CEST] ...m/pack/standalone/opt/nvim-metals/lua/metals/install.lua:37: Downloaded https://repo1.maven.org/maven2/org/scalameta/mdoc-interfaces/2.3.2/mdoc-interfaces-2.3.2.pom
[INFO  Mo 11 Apr 2022 13:06:00 CEST] ...m/pack/standalone/opt/nvim-metals/lua/metals/install.lua:37: Downloading https://repo1.maven.org/maven2/com/outr/scribe_2.13/3.8.2/scribe_2.13-3.8.2.pom
[INFO  Mo 11 Apr 2022 13:06:00 CEST] ...m/pack/standalone/opt/nvim-metals/lua/metals/install.lua:37: Downloaded https://repo1.maven.org/maven2/com/h2database/h2/2.0.206/h2-2.0.206.pom
[INFO  Mo 11 Apr 2022 13:06:00 CEST] ...m/pack/standalone/opt/nvim-metals/lua/metals/install.lua:37: Downloading https://repo1.maven.org/maven2/com/outr/scribe-slf4j_2.13/3.8.2/scribe-slf4j_2.13-3.8.2.pom
[INFO  Mo 11 Apr 2022 13:06:00 CEST] ...m/pack/standalone/opt/nvim-metals/lua/metals/install.lua:37: Downloaded https://repo1.maven.org/maven2/com/google/guava/guava/31.1-jre/guava-31.1-jre.pom
[INFO  Mo 11 Apr 2022 13:06:00 CEST] ...m/pack/standalone/opt/nvim-metals/lua/metals/install.lua:37: Downloading https://repo1.maven.org/maven2/org/flywaydb/flyway-core/8.5.5/flyway-core-8.5.5.pom
[INFO  Mo 11 Apr 2022 13:06:00 CEST] ...m/pack/standalone/opt/nvim-metals/lua/metals/install.lua:37: Downloaded https://repo1.maven.org/maven2/com/outr/scribe-file_2.13/3.8.2/scribe-file_2.13-3.8.2.pom
[INFO  Mo 11 Apr 2022 13:06:00 CEST] ...m/pack/standalone/opt/nvim-metals/lua/metals/install.lua:37: Downloading https://repo1.maven.org/maven2/org/jboss/xnio/xnio-nio/3.8.6.Final/xnio-nio-3.8.6.Final.pom
[INFO  Mo 11 Apr 2022 13:06:00 CEST] ...m/pack/standalone/opt/nvim-metals/lua/metals/install.lua:37: Downloaded https://repo1.maven.org/maven2/com/outr/scribe_2.13/3.8.2/scribe_2.13-3.8.2.pom
[INFO  Mo 11 Apr 2022 13:06:00 CEST] ...m/pack/standalone/opt/nvim-metals/lua/metals/install.lua:37: Downloading https://repo1.maven.org/maven2/org/scalameta/semanticdb-scalac-core_2.13.8/4.5.1/semanticdb-scalac-core_2.13.8-4.5.1.pom
[INFO  Mo 11 Apr 2022 13:06:00 CEST] ...m/pack/standalone/opt/nvim-metals/lua/metals/install.lua:37: Downloaded https://repo1.maven.org/maven2/org/jboss/xnio/xnio-nio/3.8.6.Final/xnio-nio-3.8.6.Final.pom
[INFO  Mo 11 Apr 2022 13:06:00 CEST] ...m/pack/standalone/opt/nvim-metals/lua/metals/install.lua:37: Downloading https://repo1.maven.org/maven2/com/lihaoyi/ujson_2.13/1.5.0/ujson_2.13-1.5.0.pom
[INFO  Mo 11 Apr 2022 13:06:00 CEST] ...m/pack/standalone/opt/nvim-metals/lua/metals/install.lua:37: Downloaded https://repo1.maven.org/maven2/org/flywaydb/flyway-core/8.5.5/flyway-core-8.5.5.pom
[INFO  Mo 11 Apr 2022 13:06:00 CEST] ...m/pack/standalone/opt/nvim-metals/lua/metals/install.lua:37: Downloading https://repo1.maven.org/maven2/com/swoval/file-tree-views/2.1.9/file-tree-views-2.1.9.pom
[INFO  Mo 11 Apr 2022 13:06:00 CEST] ...m/pack/standalone/opt/nvim-metals/lua/metals/install.lua:37: Downloaded https://repo1.maven.org/maven2/org/scalameta/semanticdb-scalac-core_2.13.8/4.5.1/semanticdb-scalac-core_2.13.8-4.5.1.pom
[INFO  Mo 11 Apr 2022 13:06:00 CEST] ...m/pack/standalone/opt/nvim-metals/lua/metals/install.lua:37: Downloading https://repo1.maven.org/maven2/io/undertow/undertow-core/2.2.16.Final/undertow-core-2.2.16.Final.pom
[INFO  Mo 11 Apr 2022 13:06:00 CEST] ...m/pack/standalone/opt/nvim-metals/lua/metals/install.lua:37: Downloaded https://repo1.maven.org/maven2/ch/epfl/scala/bloop-launcher_2.13/1.4.13-55-1fc97fae/bloop-launcher_2.13-1.4.13-55-1fc97fae.pom
[INFO  Mo 11 Apr 2022 13:06:00 CEST] ...m/pack/standalone/opt/nvim-metals/lua/metals/install.lua:37: Downloading https://repo1.maven.org/maven2/io/github/alexarchambault/ammonite/ammonite-runner_2.13/0.3.2/ammonite-runner_2.13-0.3.2.pom
[INFO  Mo 11 Apr 2022 13:06:00 CEST] ...m/pack/standalone/opt/nvim-metals/lua/metals/install.lua:37: Downloaded https://repo1.maven.org/maven2/com/lihaoyi/ujson_2.13/1.5.0/ujson_2.13-1.5.0.pom
[INFO  Mo 11 Apr 2022 13:06:00 CEST] ...m/pack/standalone/opt/nvim-metals/lua/metals/install.lua:37: Downloading https://repo1.maven.org/maven2/ch/epfl/scala/bsp4j/2.0.0+70-f6e47d42-SNAPSHOT/bsp4j-2.0.0+70-f6e47d42-SNAPSHOT.pom
[INFO  Mo 11 Apr 2022 13:06:00 CEST] ...m/pack/standalone/opt/nvim-metals/lua/metals/install.lua:37: Downloaded https://repo1.maven.org/maven2/io/undertow/undertow-core/2.2.16.Final/undertow-core-2.2.16.Final.pom
[INFO  Mo 11 Apr 2022 13:06:00 CEST] ...m/pack/standalone/opt/nvim-metals/lua/metals/install.lua:37: Downloading https://repo1.maven.org/maven2/org/scalameta/mtags_2.13.8/0.11.2+166-fc2e37c1-SNAPSHOT/mtags_2.13.8-0.11.2+166-fc2e37c1-SNAPSHOT.pom
[INFO  Mo 11 Apr 2022 13:06:00 CEST] ...m/pack/standalone/opt/nvim-metals/lua/metals/install.lua:37: Downloaded https://repo1.maven.org/maven2/com/swoval/file-tree-views/2.1.9/file-tree-views-2.1.9.pom
[INFO  Mo 11 Apr 2022 13:06:00 CEST] ...m/pack/standalone/opt/nvim-metals/lua/metals/install.lua:37: Downloaded https://repo1.maven.org/maven2/ch/epfl/scala/bsp4j/2.0.0+70-f6e47d42-SNAPSHOT/bsp4j-2.0.0+70-f6e47d42-SNAPSHOT.pom
[INFO  Mo 11 Apr 2022 13:06:00 CEST] ...m/pack/standalone/opt/nvim-metals/lua/metals/install.lua:37: Downloading https://repo1.maven.org/maven2/ch/epfl/scala/bsp4j/2.0.0+70-f6e47d42-SNAPSHOT/bsp4j-2.0.0+70-f6e47d42-SNAPSHOT.pom.sha1
[INFO  Mo 11 Apr 2022 13:06:00 CEST] ...m/pack/standalone/opt/nvim-metals/lua/metals/install.lua:37: Downloaded https://repo1.maven.org/maven2/com/outr/scribe-slf4j_2.13/3.8.2/scribe-slf4j_2.13-3.8.2.pom
[INFO  Mo 11 Apr 2022 13:06:00 CEST] ...m/pack/standalone/opt/nvim-metals/lua/metals/install.lua:37: Downloaded https://repo1.maven.org/maven2/org/scalameta/scalameta_2.13/4.5.1/scalameta_2.13-4.5.1.pom
[INFO  Mo 11 Apr 2022 13:06:00 CEST] ...m/pack/standalone/opt/nvim-metals/lua/metals/install.lua:37: Downloaded https://repo1.maven.org/maven2/ch/epfl/scala/bsp4j/2.0.0+70-f6e47d42-SNAPSHOT/bsp4j-2.0.0+70-f6e47d42-SNAPSHOT.pom.sha1
[INFO  Mo 11 Apr 2022 13:06:00 CEST] ...m/pack/standalone/opt/nvim-metals/lua/metals/install.lua:37: Downloading https://repo1.maven.org/maven2/ch/epfl/scala/bsp4j/2.0.0+70-f6e47d42-SNAPSHOT/maven-metadata.xml
[INFO  Mo 11 Apr 2022 13:06:00 CEST] ...m/pack/standalone/opt/nvim-metals/lua/metals/install.lua:37: Downloaded https://repo1.maven.org/maven2/ch/epfl/scala/bsp4j/2.0.0+70-f6e47d42-SNAPSHOT/maven-metadata.xml
[INFO  Mo 11 Apr 2022 13:06:00 CEST] ...m/pack/standalone/opt/nvim-metals/lua/metals/install.lua:37: Downloading https://repo1.maven.org/maven2/ch/epfl/scala/bsp4j/2.0.0+70-f6e47d42-SNAPSHOT/maven-metadata.xml.sha1
[INFO  Mo 11 Apr 2022 13:06:00 CEST] ...m/pack/standalone/opt/nvim-metals/lua/metals/install.lua:37: Downloaded https://repo1.maven.org/maven2/ch/epfl/scala/bsp4j/2.0.0+70-f6e47d42-SNAPSHOT/maven-metadata.xml.sha1
[INFO  Mo 11 Apr 2022 13:06:00 CEST] ...m/pack/standalone/opt/nvim-metals/lua/metals/install.lua:37: Downloading https://dl.bintray.com/scalacenter/releases/ch/epfl/scala/bsp4j/2.0.0+70-f6e47d42-SNAPSHOT/bsp4j-2.0.0+70-f6e47d42-SNAPSHOT.pom
[INFO  Mo 11 Apr 2022 13:06:00 CEST] ...m/pack/standalone/opt/nvim-metals/lua/metals/install.lua:37: Downloaded https://repo1.maven.org/maven2/org/scalameta/mtags_2.13.8/0.11.2+166-fc2e37c1-SNAPSHOT/mtags_2.13.8-0.11.2+166-fc2e37c1-SNAPSHOT.pom
[INFO  Mo 11 Apr 2022 13:06:00 CEST] ...m/pack/standalone/opt/nvim-metals/lua/metals/install.lua:37: Downloading https://repo1.maven.org/maven2/org/scalameta/mtags_2.13.8/0.11.2+166-fc2e37c1-SNAPSHOT/mtags_2.13.8-0.11.2+166-fc2e37c1-SNAPSHOT.pom.sha1
[INFO  Mo 11 Apr 2022 13:06:00 CEST] ...m/pack/standalone/opt/nvim-metals/lua/metals/install.lua:37: Downloaded https://repo1.maven.org/maven2/io/github/alexarchambault/ammonite/ammonite-runner_2.13/0.3.2/ammonite-runner_2.13-0.3.2.pom
[INFO  Mo 11 Apr 2022 13:06:00 CEST] ...m/pack/standalone/opt/nvim-metals/lua/metals/install.lua:37: Downloaded https://repo1.maven.org/maven2/org/scalameta/mtags_2.13.8/0.11.2+166-fc2e37c1-SNAPSHOT/mtags_2.13.8-0.11.2+166-fc2e37c1-SNAPSHOT.pom.sha1
[INFO  Mo 11 Apr 2022 13:06:00 CEST] ...m/pack/standalone/opt/nvim-metals/lua/metals/install.lua:37: Downloading https://repo1.maven.org/maven2/org/scalameta/mtags_2.13.8/0.11.2+166-fc2e37c1-SNAPSHOT/maven-metadata.xml
[INFO  Mo 11 Apr 2022 13:06:00 CEST] ...m/pack/standalone/opt/nvim-metals/lua/metals/install.lua:37: Downloaded https://dl.bintray.com/scalacenter/releases/ch/epfl/scala/bsp4j/2.0.0+70-f6e47d42-SNAPSHOT/bsp4j-2.0.0+70-f6e47d42-SNAPSHOT.pom
[INFO  Mo 11 Apr 2022 13:06:00 CEST] ...m/pack/standalone/opt/nvim-metals/lua/metals/install.lua:37: Downloading https://dl.bintray.com/scalacenter/releases/ch/epfl/scala/bsp4j/2.0.0+70-f6e47d42-SNAPSHOT/bsp4j-2.0.0+70-f6e47d42-SNAPSHOT.pom.sha1
[INFO  Mo 11 Apr 2022 13:06:00 CEST] ...m/pack/standalone/opt/nvim-metals/lua/metals/install.lua:37: Downloaded https://repo1.maven.org/maven2/org/scalameta/mtags_2.13.8/0.11.2+166-fc2e37c1-SNAPSHOT/maven-metadata.xml
[INFO  Mo 11 Apr 2022 13:06:00 CEST] ...m/pack/standalone/opt/nvim-metals/lua/metals/install.lua:37: Downloading https://repo1.maven.org/maven2/org/scalameta/mtags_2.13.8/0.11.2+166-fc2e37c1-SNAPSHOT/maven-metadata.xml.sha1
[INFO  Mo 11 Apr 2022 13:06:00 CEST] ...m/pack/standalone/opt/nvim-metals/lua/metals/install.lua:37: Downloaded https://repo1.maven.org/maven2/org/scalameta/mtags_2.13.8/0.11.2+166-fc2e37c1-SNAPSHOT/maven-metadata.xml.sha1
[INFO  Mo 11 Apr 2022 13:06:00 CEST] ...m/pack/standalone/opt/nvim-metals/lua/metals/install.lua:37: Downloading https://dl.bintray.com/scalacenter/releases/org/scalameta/mtags_2.13.8/0.11.2+166-fc2e37c1-SNAPSHOT/mtags_2.13.8-0.11.2+166-fc2e37c1-SNAPSHOT.pom
[INFO  Mo 11 Apr 2022 13:06:00 CEST] ...m/pack/standalone/opt/nvim-metals/lua/metals/install.lua:37: Downloaded https://dl.bintray.com/scalacenter/releases/ch/epfl/scala/bsp4j/2.0.0+70-f6e47d42-SNAPSHOT/bsp4j-2.0.0+70-f6e47d42-SNAPSHOT.pom.sha1
[INFO  Mo 11 Apr 2022 13:06:00 CEST] ...m/pack/standalone/opt/nvim-metals/lua/metals/install.lua:37: Downloading https://dl.bintray.com/scalacenter/releases/ch/epfl/scala/bsp4j/2.0.0+70-f6e47d42-SNAPSHOT/maven-metadata.xml
[INFO  Mo 11 Apr 2022 13:06:00 CEST] ...m/pack/standalone/opt/nvim-metals/lua/metals/install.lua:37: Downloaded https://dl.bintray.com/scalacenter/releases/org/scalameta/mtags_2.13.8/0.11.2+166-fc2e37c1-SNAPSHOT/mtags_2.13.8-0.11.2+166-fc2e37c1-SNAPSHOT.pom
[INFO  Mo 11 Apr 2022 13:06:00 CEST] ...m/pack/standalone/opt/nvim-metals/lua/metals/install.lua:37: Downloading https://dl.bintray.com/scalacenter/releases/org/scalameta/mtags_2.13.8/0.11.2+166-fc2e37c1-SNAPSHOT/mtags_2.13.8-0.11.2+166-fc2e37c1-SNAPSHOT.pom.sha1
[INFO  Mo 11 Apr 2022 13:06:00 CEST] ...m/pack/standalone/opt/nvim-metals/lua/metals/install.lua:37: Downloaded https://dl.bintray.com/scalacenter/releases/ch/epfl/scala/bsp4j/2.0.0+70-f6e47d42-SNAPSHOT/maven-metadata.xml
[INFO  Mo 11 Apr 2022 13:06:00 CEST] ...m/pack/standalone/opt/nvim-metals/lua/metals/install.lua:37: Downloading https://dl.bintray.com/scalacenter/releases/ch/epfl/scala/bsp4j/2.0.0+70-f6e47d42-SNAPSHOT/maven-metadata.xml.sha1
[INFO  Mo 11 Apr 2022 13:06:00 CEST] ...m/pack/standalone/opt/nvim-metals/lua/metals/install.lua:37: Downloaded https://dl.bintray.com/scalacenter/releases/org/scalameta/mtags_2.13.8/0.11.2+166-fc2e37c1-SNAPSHOT/mtags_2.13.8-0.11.2+166-fc2e37c1-SNAPSHOT.pom.sha1
[INFO  Mo 11 Apr 2022 13:06:00 CEST] ...m/pack/standalone/opt/nvim-metals/lua/metals/install.lua:37: Downloading https://dl.bintray.com/scalacenter/releases/org/scalameta/mtags_2.13.8/0.11.2+166-fc2e37c1-SNAPSHOT/maven-metadata.xml
[INFO  Mo 11 Apr 2022 13:06:00 CEST] ...m/pack/standalone/opt/nvim-metals/lua/metals/install.lua:37: Downloaded https://dl.bintray.com/scalacenter/releases/ch/epfl/scala/bsp4j/2.0.0+70-f6e47d42-SNAPSHOT/maven-metadata.xml.sha1
[INFO  Mo 11 Apr 2022 13:06:00 CEST] ...m/pack/standalone/opt/nvim-metals/lua/metals/install.lua:37: Downloading https://oss.sonatype.org/content/repositories/snapshots/ch/epfl/scala/bsp4j/2.0.0+70-f6e47d42-SNAPSHOT/bsp4j-2.0.0+70-f6e47d42-SNAPSHOT.pom
[INFO  Mo 11 Apr 2022 13:06:00 CEST] ...m/pack/standalone/opt/nvim-metals/lua/metals/install.lua:37: Downloaded https://dl.bintray.com/scalacenter/releases/org/scalameta/mtags_2.13.8/0.11.2+166-fc2e37c1-SNAPSHOT/maven-metadata.xml
[INFO  Mo 11 Apr 2022 13:06:00 CEST] ...m/pack/standalone/opt/nvim-metals/lua/metals/install.lua:37: Downloading https://dl.bintray.com/scalacenter/releases/org/scalameta/mtags_2.13.8/0.11.2+166-fc2e37c1-SNAPSHOT/maven-metadata.xml.sha1
[INFO  Mo 11 Apr 2022 13:06:00 CEST] ...m/pack/standalone/opt/nvim-metals/lua/metals/install.lua:37: Downloaded https://oss.sonatype.org/content/repositories/snapshots/ch/epfl/scala/bsp4j/2.0.0+70-f6e47d42-SNAPSHOT/bsp4j-2.0.0+70-f6e47d42-SNAPSHOT.pom
[INFO  Mo 11 Apr 2022 13:06:00 CEST] ...m/pack/standalone/opt/nvim-metals/lua/metals/install.lua:37: Downloading https://oss.sonatype.org/content/repositories/snapshots/ch/epfl/scala/bsp4j/2.0.0+70-f6e47d42-SNAPSHOT/bsp4j-2.0.0+70-f6e47d42-SNAPSHOT.pom.sha1
[INFO  Mo 11 Apr 2022 13:06:00 CEST] ...m/pack/standalone/opt/nvim-metals/lua/metals/install.lua:37: Downloaded https://oss.sonatype.org/content/repositories/snapshots/ch/epfl/scala/bsp4j/2.0.0+70-f6e47d42-SNAPSHOT/bsp4j-2.0.0+70-f6e47d42-SNAPSHOT.pom.sha1
[INFO  Mo 11 Apr 2022 13:06:00 CEST] ...m/pack/standalone/opt/nvim-metals/lua/metals/install.lua:37: Downloaded https://dl.bintray.com/scalacenter/releases/org/scalameta/mtags_2.13.8/0.11.2+166-fc2e37c1-SNAPSHOT/maven-metadata.xml.sha1
[INFO  Mo 11 Apr 2022 13:06:00 CEST] ...m/pack/standalone/opt/nvim-metals/lua/metals/install.lua:37: Downloading https://oss.sonatype.org/content/repositories/snapshots/org/scalameta/mtags_2.13.8/0.11.2+166-fc2e37c1-SNAPSHOT/mtags_2.13.8-0.11.2+166-fc2e37c1-SNAPSHOT.pom
[INFO  Mo 11 Apr 2022 13:06:00 CEST] ...m/pack/standalone/opt/nvim-metals/lua/metals/install.lua:37: Downloaded https://oss.sonatype.org/content/repositories/snapshots/org/scalameta/mtags_2.13.8/0.11.2+166-fc2e37c1-SNAPSHOT/mtags_2.13.8-0.11.2+166-fc2e37c1-SNAPSHOT.pom
[INFO  Mo 11 Apr 2022 13:06:00 CEST] ...m/pack/standalone/opt/nvim-metals/lua/metals/install.lua:37: Downloading https://oss.sonatype.org/content/repositories/snapshots/org/scalameta/mtags_2.13.8/0.11.2+166-fc2e37c1-SNAPSHOT/mtags_2.13.8-0.11.2+166-fc2e37c1-SNAPSHOT.pom.sha1
[INFO  Mo 11 Apr 2022 13:06:00 CEST] ...m/pack/standalone/opt/nvim-metals/lua/metals/install.lua:37: Downloaded https://oss.sonatype.org/content/repositories/snapshots/org/scalameta/mtags_2.13.8/0.11.2+166-fc2e37c1-SNAPSHOT/mtags_2.13.8-0.11.2+166-fc2e37c1-SNAPSHOT.pom.sha1
[INFO  Mo 11 Apr 2022 13:06:00 CEST] ...m/pack/standalone/opt/nvim-metals/lua/metals/install.lua:37: Downloading https://repo1.maven.org/maven2/io/undertow/undertow-parent/2.2.16.Final/undertow-parent-2.2.16.Final.pom
[INFO  Mo 11 Apr 2022 13:06:00 CEST] ...m/pack/standalone/opt/nvim-metals/lua/metals/install.lua:37: Downloading https://repo1.maven.org/maven2/org/jboss/xnio/xnio-all/3.8.6.Final/xnio-all-3.8.6.Final.pom
[INFO  Mo 11 Apr 2022 13:06:00 CEST] ...m/pack/standalone/opt/nvim-metals/lua/metals/install.lua:37: Downloading https://repo1.maven.org/maven2/org/flywaydb/flyway-parent/8.5.5/flyway-parent-8.5.5.pom
[INFO  Mo 11 Apr 2022 13:06:00 CEST] ...m/pack/standalone/opt/nvim-metals/lua/metals/install.lua:37: Downloading https://repo1.maven.org/maven2/com/google/guava/guava-parent/31.1-jre/guava-parent-31.1-jre.pom
[INFO  Mo 11 Apr 2022 13:06:00 CEST] ...m/pack/standalone/opt/nvim-metals/lua/metals/install.lua:37: Downloaded https://repo1.maven.org/maven2/org/jboss/xnio/xnio-all/3.8.6.Final/xnio-all-3.8.6.Final.pom
[INFO  Mo 11 Apr 2022 13:06:00 CEST] ...m/pack/standalone/opt/nvim-metals/lua/metals/install.lua:37: Downloaded https://repo1.maven.org/maven2/com/google/guava/guava-parent/31.1-jre/guava-parent-31.1-jre.pom
[INFO  Mo 11 Apr 2022 13:06:00 CEST] ...m/pack/standalone/opt/nvim-metals/lua/metals/install.lua:37: Downloaded https://repo1.maven.org/maven2/org/flywaydb/flyway-parent/8.5.5/flyway-parent-8.5.5.pom
[INFO  Mo 11 Apr 2022 13:06:00 CEST] ...m/pack/standalone/opt/nvim-metals/lua/metals/install.lua:37: Downloaded https://repo1.maven.org/maven2/io/undertow/undertow-parent/2.2.16.Final/undertow-parent-2.2.16.Final.pom
[INFO  Mo 11 Apr 2022 13:06:00 CEST] ...m/pack/standalone/opt/nvim-metals/lua/metals/install.lua:37: Downloading https://repo1.maven.org/maven2/org/jboss/jboss-parent/39/jboss-parent-39.pom
[INFO  Mo 11 Apr 2022 13:06:00 CEST] ...m/pack/standalone/opt/nvim-metals/lua/metals/install.lua:37: Downloaded https://repo1.maven.org/maven2/org/jboss/jboss-parent/39/jboss-parent-39.pom
[INFO  Mo 11 Apr 2022 13:06:00 CEST] ...m/pack/standalone/opt/nvim-metals/lua/metals/install.lua:37: Downloading https://repo1.maven.org/maven2/org/slf4j/slf4j-api/1.7.36/slf4j-api-1.7.36.pom
[INFO  Mo 11 Apr 2022 13:06:00 CEST] ...m/pack/standalone/opt/nvim-metals/lua/metals/install.lua:37: Downloading https://repo1.maven.org/maven2/com/outr/moduload_2.13/1.1.5/moduload_2.13-1.1.5.pom
[INFO  Mo 11 Apr 2022 13:06:00 CEST] ...m/pack/standalone/opt/nvim-metals/lua/metals/install.lua:37: Downloading https://repo1.maven.org/maven2/com/lihaoyi/sourcecode_2.13/0.2.8/sourcecode_2.13-0.2.8.pom
[INFO  Mo 11 Apr 2022 13:06:00 CEST] ...m/pack/standalone/opt/nvim-metals/lua/metals/install.lua:37: Downloading https://repo1.maven.org/maven2/org/scalameta/parsers_2.13/4.5.1/parsers_2.13-4.5.1.pom
[INFO  Mo 11 Apr 2022 13:06:00 CEST] ...m/pack/standalone/opt/nvim-metals/lua/metals/install.lua:37: Downloading https://repo1.maven.org/maven2/com/outr/perfolation_2.13/1.2.9/perfolation_2.13-1.2.9.pom
[INFO  Mo 11 Apr 2022 13:06:00 CEST] ...m/pack/standalone/opt/nvim-metals/lua/metals/install.lua:37: Downloading https://repo1.maven.org/maven2/io/get-coursier/coursier-launcher_2.13/2.0.13/coursier-launcher_2.13-2.0.13.pom
[INFO  Mo 11 Apr 2022 13:06:00 CEST] ...m/pack/standalone/opt/nvim-metals/lua/metals/install.lua:37: Downloaded https://repo1.maven.org/maven2/com/lihaoyi/sourcecode_2.13/0.2.8/sourcecode_2.13-0.2.8.pom
[INFO  Mo 11 Apr 2022 13:06:00 CEST] ...m/pack/standalone/opt/nvim-metals/lua/metals/install.lua:37: Downloading https://repo1.maven.org/maven2/com/lihaoyi/geny_2.13/0.7.1/geny_2.13-0.7.1.pom
[INFO  Mo 11 Apr 2022 13:06:00 CEST] ...m/pack/standalone/opt/nvim-metals/lua/metals/install.lua:37: Downloaded https://repo1.maven.org/maven2/com/outr/moduload_2.13/1.1.5/moduload_2.13-1.1.5.pom
[INFO  Mo 11 Apr 2022 13:06:00 CEST] ...m/pack/standalone/opt/nvim-metals/lua/metals/install.lua:37: Downloading https://repo1.maven.org/maven2/com/lihaoyi/upickle-core_2.13/1.5.0/upickle-core_2.13-1.5.0.pom
[INFO  Mo 11 Apr 2022 13:06:00 CEST] ...m/pack/standalone/opt/nvim-metals/lua/metals/install.lua:37: Downloaded https://repo1.maven.org/maven2/org/slf4j/slf4j-api/1.7.36/slf4j-api-1.7.36.pom
[INFO  Mo 11 Apr 2022 13:06:00 CEST] ...m/pack/standalone/opt/nvim-metals/lua/metals/install.lua:37: Downloading https://repo1.maven.org/maven2/com/google/errorprone/error_prone_annotations/2.11.0/error_prone_annotations-2.11.0.pom
[INFO  Mo 11 Apr 2022 13:06:00 CEST] ...m/pack/standalone/opt/nvim-metals/lua/metals/install.lua:37: Downloaded https://repo1.maven.org/maven2/com/outr/perfolation_2.13/1.2.9/perfolation_2.13-1.2.9.pom
[INFO  Mo 11 Apr 2022 13:06:00 CEST] ...m/pack/standalone/opt/nvim-metals/lua/metals/install.lua:37: Downloading https://repo1.maven.org/maven2/org/jboss/xnio/xnio-api/3.8.6.Final/xnio-api-3.8.6.Final.pom
[INFO  Mo 11 Apr 2022 13:06:00 CEST] ...m/pack/standalone/opt/nvim-metals/lua/metals/install.lua:37: Downloaded https://repo1.maven.org/maven2/com/lihaoyi/upickle-core_2.13/1.5.0/upickle-core_2.13-1.5.0.pom
[INFO  Mo 11 Apr 2022 13:06:00 CEST] ...m/pack/standalone/opt/nvim-metals/lua/metals/install.lua:37: Downloading https://repo1.maven.org/maven2/org/scalameta/scalafmt-interfaces/3.4.0/scalafmt-interfaces-3.4.0.pom
[INFO  Mo 11 Apr 2022 13:06:00 CEST] ...m/pack/standalone/opt/nvim-metals/lua/metals/install.lua:37: Downloaded https://repo1.maven.org/maven2/org/jboss/xnio/xnio-api/3.8.6.Final/xnio-api-3.8.6.Final.pom
[INFO  Mo 11 Apr 2022 13:06:00 CEST] ...m/pack/standalone/opt/nvim-metals/lua/metals/install.lua:37: Downloaded https://repo1.maven.org/maven2/com/google/errorprone/error_prone_annotations/2.11.0/error_prone_annotations-2.11.0.pom
[INFO  Mo 11 Apr 2022 13:06:00 CEST] ...m/pack/standalone/opt/nvim-metals/lua/metals/install.lua:37: Downloading https://repo1.maven.org/maven2/org/scalameta/mtags-interfaces/0.11.2+166-fc2e37c1-SNAPSHOT/mtags-interfaces-0.11.2+166-fc2e37c1-SNAPSHOT.pom
[INFO  Mo 11 Apr 2022 13:06:00 CEST] ...m/pack/standalone/opt/nvim-metals/lua/metals/install.lua:37: Downloaded https://repo1.maven.org/maven2/io/get-coursier/coursier-launcher_2.13/2.0.13/coursier-launcher_2.13-2.0.13.pom
[INFO  Mo 11 Apr 2022 13:06:00 CEST] ...m/pack/standalone/opt/nvim-metals/lua/metals/install.lua:37: Downloaded https://repo1.maven.org/maven2/com/lihaoyi/geny_2.13/0.7.1/geny_2.13-0.7.1.pom
[INFO  Mo 11 Apr 2022 13:06:00 CEST] ...m/pack/standalone/opt/nvim-metals/lua/metals/install.lua:37: Downloaded https://repo1.maven.org/maven2/org/scalameta/parsers_2.13/4.5.1/parsers_2.13-4.5.1.pom
[INFO  Mo 11 Apr 2022 13:06:00 CEST] ...m/pack/standalone/opt/nvim-metals/lua/metals/install.lua:37: Downloaded https://repo1.maven.org/maven2/org/scalameta/scalafmt-interfaces/3.4.0/scalafmt-interfaces-3.4.0.pom
[INFO  Mo 11 Apr 2022 13:06:00 CEST] ...m/pack/standalone/opt/nvim-metals/lua/metals/install.lua:37: Downloaded https://repo1.maven.org/maven2/org/scalameta/mtags-interfaces/0.11.2+166-fc2e37c1-SNAPSHOT/mtags-interfaces-0.11.2+166-fc2e37c1-SNAPSHOT.pom
[INFO  Mo 11 Apr 2022 13:06:00 CEST] ...m/pack/standalone/opt/nvim-metals/lua/metals/install.lua:37: Downloading https://repo1.maven.org/maven2/org/scalameta/mtags-interfaces/0.11.2+166-fc2e37c1-SNAPSHOT/mtags-interfaces-0.11.2+166-fc2e37c1-SNAPSHOT.pom.sha1
[INFO  Mo 11 Apr 2022 13:06:00 CEST] ...m/pack/standalone/opt/nvim-metals/lua/metals/install.lua:37: Downloaded https://repo1.maven.org/maven2/org/scalameta/mtags-interfaces/0.11.2+166-fc2e37c1-SNAPSHOT/mtags-interfaces-0.11.2+166-fc2e37c1-SNAPSHOT.pom.sha1
[INFO  Mo 11 Apr 2022 13:06:00 CEST] ...m/pack/standalone/opt/nvim-metals/lua/metals/install.lua:37: Downloading https://repo1.maven.org/maven2/org/scalameta/mtags-interfaces/0.11.2+166-fc2e37c1-SNAPSHOT/maven-metadata.xml
[INFO  Mo 11 Apr 2022 13:06:00 CEST] ...m/pack/standalone/opt/nvim-metals/lua/metals/install.lua:37: Downloaded https://repo1.maven.org/maven2/org/scalameta/mtags-interfaces/0.11.2+166-fc2e37c1-SNAPSHOT/maven-metadata.xml
[INFO  Mo 11 Apr 2022 13:06:00 CEST] ...m/pack/standalone/opt/nvim-metals/lua/metals/install.lua:37: Downloading https://repo1.maven.org/maven2/org/scalameta/mtags-interfaces/0.11.2+166-fc2e37c1-SNAPSHOT/maven-metadata.xml.sha1
[INFO  Mo 11 Apr 2022 13:06:00 CEST] ...m/pack/standalone/opt/nvim-metals/lua/metals/install.lua:37: Downloaded https://repo1.maven.org/maven2/org/scalameta/mtags-interfaces/0.11.2+166-fc2e37c1-SNAPSHOT/maven-metadata.xml.sha1
[INFO  Mo 11 Apr 2022 13:06:00 CEST] ...m/pack/standalone/opt/nvim-metals/lua/metals/install.lua:37: Downloading https://dl.bintray.com/scalacenter/releases/org/scalameta/mtags-interfaces/0.11.2+166-fc2e37c1-SNAPSHOT/mtags-interfaces-0.11.2+166-fc2e37c1-SNAPSHOT.pom
[INFO  Mo 11 Apr 2022 13:06:00 CEST] ...m/pack/standalone/opt/nvim-metals/lua/metals/install.lua:37: Downloaded https://dl.bintray.com/scalacenter/releases/org/scalameta/mtags-interfaces/0.11.2+166-fc2e37c1-SNAPSHOT/mtags-interfaces-0.11.2+166-fc2e37c1-SNAPSHOT.pom
[INFO  Mo 11 Apr 2022 13:06:00 CEST] ...m/pack/standalone/opt/nvim-metals/lua/metals/install.lua:37: Downloading https://dl.bintray.com/scalacenter/releases/org/scalameta/mtags-interfaces/0.11.2+166-fc2e37c1-SNAPSHOT/mtags-interfaces-0.11.2+166-fc2e37c1-SNAPSHOT.pom.sha1
[INFO  Mo 11 Apr 2022 13:06:00 CEST] ...m/pack/standalone/opt/nvim-metals/lua/metals/install.lua:37: Downloaded https://dl.bintray.com/scalacenter/releases/org/scalameta/mtags-interfaces/0.11.2+166-fc2e37c1-SNAPSHOT/mtags-interfaces-0.11.2+166-fc2e37c1-SNAPSHOT.pom.sha1
[INFO  Mo 11 Apr 2022 13:06:00 CEST] ...m/pack/standalone/opt/nvim-metals/lua/metals/install.lua:37: Downloading https://dl.bintray.com/scalacenter/releases/org/scalameta/mtags-interfaces/0.11.2+166-fc2e37c1-SNAPSHOT/maven-metadata.xml
[INFO  Mo 11 Apr 2022 13:06:00 CEST] ...m/pack/standalone/opt/nvim-metals/lua/metals/install.lua:37: Downloaded https://dl.bintray.com/scalacenter/releases/org/scalameta/mtags-interfaces/0.11.2+166-fc2e37c1-SNAPSHOT/maven-metadata.xml
[INFO  Mo 11 Apr 2022 13:06:00 CEST] ...m/pack/standalone/opt/nvim-metals/lua/metals/install.lua:37: Downloading https://dl.bintray.com/scalacenter/releases/org/scalameta/mtags-interfaces/0.11.2+166-fc2e37c1-SNAPSHOT/maven-metadata.xml.sha1
[INFO  Mo 11 Apr 2022 13:06:00 CEST] ...m/pack/standalone/opt/nvim-metals/lua/metals/install.lua:37: Downloaded https://dl.bintray.com/scalacenter/releases/org/scalameta/mtags-interfaces/0.11.2+166-fc2e37c1-SNAPSHOT/maven-metadata.xml.sha1
[INFO  Mo 11 Apr 2022 13:06:00 CEST] ...m/pack/standalone/opt/nvim-metals/lua/metals/install.lua:37: Downloading https://oss.sonatype.org/content/repositories/snapshots/org/scalameta/mtags-interfaces/0.11.2+166-fc2e37c1-SNAPSHOT/mtags-interfaces-0.11.2+166-fc2e37c1-SNAPSHOT.pom
[INFO  Mo 11 Apr 2022 13:06:00 CEST] ...m/pack/standalone/opt/nvim-metals/lua/metals/install.lua:37: Downloaded https://oss.sonatype.org/content/repositories/snapshots/org/scalameta/mtags-interfaces/0.11.2+166-fc2e37c1-SNAPSHOT/mtags-interfaces-0.11.2+166-fc2e37c1-SNAPSHOT.pom
[INFO  Mo 11 Apr 2022 13:06:00 CEST] ...m/pack/standalone/opt/nvim-metals/lua/metals/install.lua:37: Downloading https://oss.sonatype.org/content/repositories/snapshots/org/scalameta/mtags-interfaces/0.11.2+166-fc2e37c1-SNAPSHOT/mtags-interfaces-0.11.2+166-fc2e37c1-SNAPSHOT.pom.sha1
[INFO  Mo 11 Apr 2022 13:06:00 CEST] ...m/pack/standalone/opt/nvim-metals/lua/metals/install.lua:37: Downloaded https://oss.sonatype.org/content/repositories/snapshots/org/scalameta/mtags-interfaces/0.11.2+166-fc2e37c1-SNAPSHOT/mtags-interfaces-0.11.2+166-fc2e37c1-SNAPSHOT.pom.sha1
[INFO  Mo 11 Apr 2022 13:06:00 CEST] ...m/pack/standalone/opt/nvim-metals/lua/metals/install.lua:37: Downloading https://repo1.maven.org/maven2/org/slf4j/slf4j-parent/1.7.36/slf4j-parent-1.7.36.pom
[INFO  Mo 11 Apr 2022 13:06:00 CEST] ...m/pack/standalone/opt/nvim-metals/lua/metals/install.lua:37: Downloading https://repo1.maven.org/maven2/com/google/errorprone/error_prone_parent/2.11.0/error_prone_parent-2.11.0.pom
[INFO  Mo 11 Apr 2022 13:06:00 CEST] ...m/pack/standalone/opt/nvim-metals/lua/metals/install.lua:37: Downloaded https://repo1.maven.org/maven2/com/google/errorprone/error_prone_parent/2.11.0/error_prone_parent-2.11.0.pom
[INFO  Mo 11 Apr 2022 13:06:00 CEST] ...m/pack/standalone/opt/nvim-metals/lua/metals/install.lua:37: Downloaded https://repo1.maven.org/maven2/org/slf4j/slf4j-parent/1.7.36/slf4j-parent-1.7.36.pom
[INFO  Mo 11 Apr 2022 13:06:00 CEST] ...m/pack/standalone/opt/nvim-metals/lua/metals/install.lua:37: Downloading https://repo1.maven.org/maven2/org/scalameta/trees_2.13/4.5.1/trees_2.13-4.5.1.pom
[INFO  Mo 11 Apr 2022 13:06:00 CEST] ...m/pack/standalone/opt/nvim-metals/lua/metals/install.lua:37: Downloading https://repo1.maven.org/maven2/org/wildfly/common/wildfly-common/1.5.4.Final/wildfly-common-1.5.4.Final.pom
[INFO  Mo 11 Apr 2022 13:06:00 CEST] ...m/pack/standalone/opt/nvim-metals/lua/metals/install.lua:37: Downloaded https://repo1.maven.org/maven2/org/wildfly/common/wildfly-common/1.5.4.Final/wildfly-common-1.5.4.Final.pom
[INFO  Mo 11 Apr 2022 13:06:00 CEST] ...m/pack/standalone/opt/nvim-metals/lua/metals/install.lua:37: Downloaded https://repo1.maven.org/maven2/org/scalameta/trees_2.13/4.5.1/trees_2.13-4.5.1.pom
[INFO  Mo 11 Apr 2022 13:06:00 CEST] ...m/pack/standalone/opt/nvim-metals/lua/metals/install.lua:37: Downloading https://repo1.maven.org/maven2/org/scalameta/common_2.13/4.5.1/common_2.13-4.5.1.pom
[INFO  Mo 11 Apr 2022 13:06:00 CEST] ...m/pack/standalone/opt/nvim-metals/lua/metals/install.lua:37: Downloaded https://repo1.maven.org/maven2/org/scalameta/common_2.13/4.5.1/common_2.13-4.5.1.pom
[INFO  Mo 11 Apr 2022 13:06:00 CEST] ...m/pack/standalone/opt/nvim-metals/lua/metals/install.lua:37: Downloading https://repo1.maven.org/maven2/com/outr/perfolation_2.13/1.2.9/perfolation_2.13-1.2.9.jar
[INFO  Mo 11 Apr 2022 13:06:00 CEST] ...m/pack/standalone/opt/nvim-metals/lua/metals/install.lua:37: Downloading https://repo1.maven.org/maven2/org/scalameta/trees_2.13/4.5.1/trees_2.13-4.5.1.jar
[INFO  Mo 11 Apr 2022 13:06:00 CEST] ...m/pack/standalone/opt/nvim-metals/lua/metals/install.lua:37: Downloading https://repo1.maven.org/maven2/com/lihaoyi/geny_2.13/0.7.1/geny_2.13-0.7.1.jar
[INFO  Mo 11 Apr 2022 13:06:00 CEST] ...m/pack/standalone/opt/nvim-metals/lua/metals/install.lua:37: Downloading https://repo1.maven.org/maven2/org/scalameta/scalafmt-interfaces/3.4.0/scalafmt-interfaces-3.4.0.jar
[INFO  Mo 11 Apr 2022 13:06:00 CEST] ...m/pack/standalone/opt/nvim-metals/lua/metals/install.lua:37: Downloading https://repo1.maven.org/maven2/com/google/errorprone/error_prone_annotations/2.11.0/error_prone_annotations-2.11.0.jar
[INFO  Mo 11 Apr 2022 13:06:00 CEST] ...m/pack/standalone/opt/nvim-metals/lua/metals/install.lua:37: Downloading https://repo1.maven.org/maven2/com/outr/moduload_2.13/1.1.5/moduload_2.13-1.1.5.jar
[INFO  Mo 11 Apr 2022 13:06:00 CEST] ...m/pack/standalone/opt/nvim-metals/lua/metals/install.lua:37: Downloaded https://repo1.maven.org/maven2/com/google/errorprone/error_prone_annotations/2.11.0/error_prone_annotations-2.11.0.jar
[INFO  Mo 11 Apr 2022 13:06:00 CEST] ...m/pack/standalone/opt/nvim-metals/lua/metals/install.lua:37: Downloading https://repo1.maven.org/maven2/org/scalameta/mdoc-interfaces/2.3.2/mdoc-interfaces-2.3.2.jar
[INFO  Mo 11 Apr 2022 13:06:00 CEST] ...m/pack/standalone/opt/nvim-metals/lua/metals/install.lua:37: Downloaded https://repo1.maven.org/maven2/com/outr/perfolation_2.13/1.2.9/perfolation_2.13-1.2.9.jar
[INFO  Mo 11 Apr 2022 13:06:00 CEST] ...m/pack/standalone/opt/nvim-metals/lua/metals/install.lua:37: Downloading https://repo1.maven.org/maven2/org/scalameta/semanticdb-scalac-core_2.13.8/4.5.1/semanticdb-scalac-core_2.13.8-4.5.1.jar
[INFO  Mo 11 Apr 2022 13:06:00 CEST] ...m/pack/standalone/opt/nvim-metals/lua/metals/install.lua:37: Downloaded https://repo1.maven.org/maven2/org/scalameta/scalafmt-interfaces/3.4.0/scalafmt-interfaces-3.4.0.jar
[INFO  Mo 11 Apr 2022 13:06:00 CEST] ...m/pack/standalone/opt/nvim-metals/lua/metals/install.lua:37: Downloading https://repo1.maven.org/maven2/org/scalameta/scalafmt-dynamic_2.13/3.4.0/scalafmt-dynamic_2.13-3.4.0.jar
[INFO  Mo 11 Apr 2022 13:06:00 CEST] ...m/pack/standalone/opt/nvim-metals/lua/metals/install.lua:37: Downloaded https://repo1.maven.org/maven2/com/lihaoyi/geny_2.13/0.7.1/geny_2.13-0.7.1.jar
[INFO  Mo 11 Apr 2022 13:06:00 CEST] ...m/pack/standalone/opt/nvim-metals/lua/metals/install.lua:37: Downloading https://repo1.maven.org/maven2/com/h2database/h2/2.0.206/h2-2.0.206.jar
[INFO  Mo 11 Apr 2022 13:06:00 CEST] ...m/pack/standalone/opt/nvim-metals/lua/metals/install.lua:37: Downloaded https://repo1.maven.org/maven2/org/scalameta/mdoc-interfaces/2.3.2/mdoc-interfaces-2.3.2.jar
[INFO  Mo 11 Apr 2022 13:06:00 CEST] ...m/pack/standalone/opt/nvim-metals/lua/metals/install.lua:37: Downloading https://repo1.maven.org/maven2/org/jboss/xnio/xnio-nio/3.8.6.Final/xnio-nio-3.8.6.Final.jar
[INFO  Mo 11 Apr 2022 13:06:00 CEST] ...m/pack/standalone/opt/nvim-metals/lua/metals/install.lua:37: Downloaded https://repo1.maven.org/maven2/com/outr/moduload_2.13/1.1.5/moduload_2.13-1.1.5.jar
[INFO  Mo 11 Apr 2022 13:06:00 CEST] ...m/pack/standalone/opt/nvim-metals/lua/metals/install.lua:37: Downloading https://repo1.maven.org/maven2/com/lihaoyi/upickle-core_2.13/1.5.0/upickle-core_2.13-1.5.0.jar
[INFO  Mo 11 Apr 2022 13:06:00 CEST] ...m/pack/standalone/opt/nvim-metals/lua/metals/install.lua:37: Downloaded https://repo1.maven.org/maven2/org/jboss/xnio/xnio-nio/3.8.6.Final/xnio-nio-3.8.6.Final.jar
[INFO  Mo 11 Apr 2022 13:06:00 CEST] ...m/pack/standalone/opt/nvim-metals/lua/metals/install.lua:37: Downloading https://repo1.maven.org/maven2/com/lihaoyi/ujson_2.13/1.5.0/ujson_2.13-1.5.0.jar
[INFO  Mo 11 Apr 2022 13:06:00 CEST] ...m/pack/standalone/opt/nvim-metals/lua/metals/install.lua:37: Downloaded https://repo1.maven.org/maven2/org/scalameta/semanticdb-scalac-core_2.13.8/4.5.1/semanticdb-scalac-core_2.13.8-4.5.1.jar
[INFO  Mo 11 Apr 2022 13:06:00 CEST] ...m/pack/standalone/opt/nvim-metals/lua/metals/install.lua:37: Downloading https://repo1.maven.org/maven2/com/swoval/file-tree-views/2.1.9/file-tree-views-2.1.9.jar
[INFO  Mo 11 Apr 2022 13:06:00 CEST] ...m/pack/standalone/opt/nvim-metals/lua/metals/install.lua:37: Downloaded https://repo1.maven.org/maven2/com/lihaoyi/upickle-core_2.13/1.5.0/upickle-core_2.13-1.5.0.jar
[INFO  Mo 11 Apr 2022 13:06:00 CEST] ...m/pack/standalone/opt/nvim-metals/lua/metals/install.lua:37: Downloading https://repo1.maven.org/maven2/org/scalameta/parsers_2.13/4.5.1/parsers_2.13-4.5.1.jar
[INFO  Mo 11 Apr 2022 13:06:00 CEST] ...m/pack/standalone/opt/nvim-metals/lua/metals/install.lua:37: Downloaded https://repo1.maven.org/maven2/org/scalameta/scalafmt-dynamic_2.13/3.4.0/scalafmt-dynamic_2.13-3.4.0.jar
[INFO  Mo 11 Apr 2022 13:06:00 CEST] ...m/pack/standalone/opt/nvim-metals/lua/metals/install.lua:37: Downloading https://repo1.maven.org/maven2/io/undertow/undertow-core/2.2.16.Final/undertow-core-2.2.16.Final.jar
[INFO  Mo 11 Apr 2022 13:06:00 CEST] ...m/pack/standalone/opt/nvim-metals/lua/metals/install.lua:37: Downloaded https://repo1.maven.org/maven2/com/lihaoyi/ujson_2.13/1.5.0/ujson_2.13-1.5.0.jar
[INFO  Mo 11 Apr 2022 13:06:00 CEST] ...m/pack/standalone/opt/nvim-metals/lua/metals/install.lua:37: Downloading https://repo1.maven.org/maven2/com/outr/scribe-slf4j_2.13/3.8.2/scribe-slf4j_2.13-3.8.2.jar
[INFO  Mo 11 Apr 2022 13:06:00 CEST] ...m/pack/standalone/opt/nvim-metals/lua/metals/install.lua:37: Downloaded https://repo1.maven.org/maven2/com/swoval/file-tree-views/2.1.9/file-tree-views-2.1.9.jar
[INFO  Mo 11 Apr 2022 13:06:00 CEST] ...m/pack/standalone/opt/nvim-metals/lua/metals/install.lua:37: Downloading https://repo1.maven.org/maven2/com/outr/scribe_2.13/3.8.2/scribe_2.13-3.8.2.jar
[INFO  Mo 11 Apr 2022 13:06:00 CEST] ...m/pack/standalone/opt/nvim-metals/lua/metals/install.lua:37: Downloaded https://repo1.maven.org/maven2/com/outr/scribe-slf4j_2.13/3.8.2/scribe-slf4j_2.13-3.8.2.jar
[INFO  Mo 11 Apr 2022 13:06:00 CEST] ...m/pack/standalone/opt/nvim-metals/lua/metals/install.lua:37: Downloading https://repo1.maven.org/maven2/com/lihaoyi/sourcecode_2.13/0.2.8/sourcecode_2.13-0.2.8.jar
[INFO  Mo 11 Apr 2022 13:06:00 CEST] ...m/pack/standalone/opt/nvim-metals/lua/metals/install.lua:37: Downloaded https://repo1.maven.org/maven2/com/h2database/h2/2.0.206/h2-2.0.206.jar
[INFO  Mo 11 Apr 2022 13:06:00 CEST] ...m/pack/standalone/opt/nvim-metals/lua/metals/install.lua:37: Downloading https://repo1.maven.org/maven2/com/google/guava/guava/31.1-jre/guava-31.1-jre.jar
[INFO  Mo 11 Apr 2022 13:06:00 CEST] ...m/pack/standalone/opt/nvim-metals/lua/metals/install.lua:37: Downloaded https://repo1.maven.org/maven2/com/lihaoyi/sourcecode_2.13/0.2.8/sourcecode_2.13-0.2.8.jar
[INFO  Mo 11 Apr 2022 13:06:00 CEST] ...m/pack/standalone/opt/nvim-metals/lua/metals/install.lua:37: Downloading https://repo1.maven.org/maven2/org/jboss/xnio/xnio-api/3.8.6.Final/xnio-api-3.8.6.Final.jar
[INFO  Mo 11 Apr 2022 13:06:00 CEST] ...m/pack/standalone/opt/nvim-metals/lua/metals/install.lua:37: Downloaded https://repo1.maven.org/maven2/com/outr/scribe_2.13/3.8.2/scribe_2.13-3.8.2.jar
[INFO  Mo 11 Apr 2022 13:06:00 CEST] ...m/pack/standalone/opt/nvim-metals/lua/metals/install.lua:37: Downloading https://repo1.maven.org/maven2/ch/epfl/scala/bloop-launcher_2.13/1.4.13-55-1fc97fae/bloop-launcher_2.13-1.4.13-55-1fc97fae.jar
[INFO  Mo 11 Apr 2022 13:06:00 CEST] ...m/pack/standalone/opt/nvim-metals/lua/metals/install.lua:37: Downloaded https://repo1.maven.org/maven2/org/jboss/xnio/xnio-api/3.8.6.Final/xnio-api-3.8.6.Final.jar
[INFO  Mo 11 Apr 2022 13:06:00 CEST] ...m/pack/standalone/opt/nvim-metals/lua/metals/install.lua:37: Downloading https://repo1.maven.org/maven2/org/slf4j/slf4j-api/1.7.36/slf4j-api-1.7.36.jar
[INFO  Mo 11 Apr 2022 13:06:00 CEST] ...m/pack/standalone/opt/nvim-metals/lua/metals/install.lua:37: Downloaded https://repo1.maven.org/maven2/com/google/guava/guava/31.1-jre/guava-31.1-jre.jar
[INFO  Mo 11 Apr 2022 13:06:00 CEST] ...m/pack/standalone/opt/nvim-metals/lua/metals/install.lua:37: Downloading https://repo1.maven.org/maven2/org/wildfly/common/wildfly-common/1.5.4.Final/wildfly-common-1.5.4.Final.jar
[INFO  Mo 11 Apr 2022 13:06:00 CEST] ...m/pack/standalone/opt/nvim-metals/lua/metals/install.lua:37: Downloaded https://repo1.maven.org/maven2/org/slf4j/slf4j-api/1.7.36/slf4j-api-1.7.36.jar
[INFO  Mo 11 Apr 2022 13:06:00 CEST] ...m/pack/standalone/opt/nvim-metals/lua/metals/install.lua:37: Downloading https://oss.sonatype.org/content/repositories/snapshots/org/scalameta/metals_2.13/0.11.2+166-fc2e37c1-SNAPSHOT/metals_2.13-0.11.2+166-fc2e37c1-SNAPSHOT.jar
[INFO  Mo 11 Apr 2022 13:06:00 CEST] ...m/pack/standalone/opt/nvim-metals/lua/metals/install.lua:37: Downloaded https://repo1.maven.org/maven2/org/scalameta/parsers_2.13/4.5.1/parsers_2.13-4.5.1.jar
[INFO  Mo 11 Apr 2022 13:06:00 CEST] ...m/pack/standalone/opt/nvim-metals/lua/metals/install.lua:37: Downloading https://repo1.maven.org/maven2/org/scalameta/common_2.13/4.5.1/common_2.13-4.5.1.jar
[INFO  Mo 11 Apr 2022 13:06:00 CEST] ...m/pack/standalone/opt/nvim-metals/lua/metals/install.lua:37: Downloaded https://repo1.maven.org/maven2/org/wildfly/common/wildfly-common/1.5.4.Final/wildfly-common-1.5.4.Final.jar
[INFO  Mo 11 Apr 2022 13:06:00 CEST] ...m/pack/standalone/opt/nvim-metals/lua/metals/install.lua:37: Downloading https://oss.sonatype.org/content/repositories/snapshots/org/scalameta/mtags_2.13.8/0.11.2+166-fc2e37c1-SNAPSHOT/mtags_2.13.8-0.11.2+166-fc2e37c1-SNAPSHOT.jar
[INFO  Mo 11 Apr 2022 13:06:00 CEST] ...m/pack/standalone/opt/nvim-metals/lua/metals/install.lua:37: Downloaded https://repo1.maven.org/maven2/io/undertow/undertow-core/2.2.16.Final/undertow-core-2.2.16.Final.jar
[INFO  Mo 11 Apr 2022 13:06:00 CEST] ...m/pack/standalone/opt/nvim-metals/lua/metals/install.lua:37: Downloading https://repo1.maven.org/maven2/io/get-coursier/coursier-launcher_2.13/2.0.13/coursier-launcher_2.13-2.0.13.jar
[INFO  Mo 11 Apr 2022 13:06:00 CEST] ...m/pack/standalone/opt/nvim-metals/lua/metals/install.lua:37: Downloaded https://repo1.maven.org/maven2/org/scalameta/trees_2.13/4.5.1/trees_2.13-4.5.1.jar
[INFO  Mo 11 Apr 2022 13:06:00 CEST] ...m/pack/standalone/opt/nvim-metals/lua/metals/install.lua:37: Downloading https://oss.sonatype.org/content/repositories/snapshots/org/scalameta/mtags-interfaces/0.11.2+166-fc2e37c1-SNAPSHOT/mtags-interfaces-0.11.2+166-fc2e37c1-SNAPSHOT.jar
[INFO  Mo 11 Apr 2022 13:06:00 CEST] ...m/pack/standalone/opt/nvim-metals/lua/metals/install.lua:37: Downloaded https://repo1.maven.org/maven2/io/get-coursier/coursier-launcher_2.13/2.0.13/coursier-launcher_2.13-2.0.13.jar
[INFO  Mo 11 Apr 2022 13:06:00 CEST] ...m/pack/standalone/opt/nvim-metals/lua/metals/install.lua:37: Downloading https://repo1.maven.org/maven2/com/outr/scribe-file_2.13/3.8.2/scribe-file_2.13-3.8.2.jar
[INFO  Mo 11 Apr 2022 13:06:00 CEST] ...m/pack/standalone/opt/nvim-metals/lua/metals/install.lua:37: Downloaded https://repo1.maven.org/maven2/com/outr/scribe-file_2.13/3.8.2/scribe-file_2.13-3.8.2.jar
[INFO  Mo 11 Apr 2022 13:06:00 CEST] ...m/pack/standalone/opt/nvim-metals/lua/metals/install.lua:37: Downloading https://repo1.maven.org/maven2/org/flywaydb/flyway-core/8.5.5/flyway-core-8.5.5.jar
[INFO  Mo 11 Apr 2022 13:06:00 CEST] ...m/pack/standalone/opt/nvim-metals/lua/metals/install.lua:37: Downloaded https://repo1.maven.org/maven2/ch/epfl/scala/bloop-launcher_2.13/1.4.13-55-1fc97fae/bloop-launcher_2.13-1.4.13-55-1fc97fae.jar
[INFO  Mo 11 Apr 2022 13:06:00 CEST] ...m/pack/standalone/opt/nvim-metals/lua/metals/install.lua:37: Downloading https://repo1.maven.org/maven2/org/scalameta/scalameta_2.13/4.5.1/scalameta_2.13-4.5.1.jar
[INFO  Mo 11 Apr 2022 13:06:00 CEST] ...m/pack/standalone/opt/nvim-metals/lua/metals/install.lua:37: Downloaded https://repo1.maven.org/maven2/org/flywaydb/flyway-core/8.5.5/flyway-core-8.5.5.jar
[INFO  Mo 11 Apr 2022 13:06:00 CEST] ...m/pack/standalone/opt/nvim-metals/lua/metals/install.lua:37: Downloading https://repo1.maven.org/maven2/io/github/alexarchambault/ammonite/ammonite-runner_2.13/0.3.2/ammonite-runner_2.13-0.3.2.jar
[INFO  Mo 11 Apr 2022 13:06:00 CEST] ...m/pack/standalone/opt/nvim-metals/lua/metals/install.lua:37: Downloaded https://repo1.maven.org/maven2/org/scalameta/scalameta_2.13/4.5.1/scalameta_2.13-4.5.1.jar
[INFO  Mo 11 Apr 2022 13:06:00 CEST] ...m/pack/standalone/opt/nvim-metals/lua/metals/install.lua:37: Downloading https://oss.sonatype.org/content/repositories/snapshots/ch/epfl/scala/bsp4j/2.0.0+70-f6e47d42-SNAPSHOT/bsp4j-2.0.0+70-f6e47d42-SNAPSHOT.jar
[INFO  Mo 11 Apr 2022 13:06:00 CEST] ...m/pack/standalone/opt/nvim-metals/lua/metals/install.lua:37: Downloaded https://oss.sonatype.org/content/repositories/snapshots/org/scalameta/mtags-interfaces/0.11.2+166-fc2e37c1-SNAPSHOT/mtags-interfaces-0.11.2+166-fc2e37c1-SNAPSHOT.jar
[INFO  Mo 11 Apr 2022 13:06:00 CEST] ...m/pack/standalone/opt/nvim-metals/lua/metals/install.lua:37: Downloaded https://repo1.maven.org/maven2/io/github/alexarchambault/ammonite/ammonite-runner_2.13/0.3.2/ammonite-runner_2.13-0.3.2.jar
[INFO  Mo 11 Apr 2022 13:06:00 CEST] ...m/pack/standalone/opt/nvim-metals/lua/metals/install.lua:37: Downloaded https://repo1.maven.org/maven2/org/scalameta/common_2.13/4.5.1/common_2.13-4.5.1.jar
[INFO  Mo 11 Apr 2022 13:06:00 CEST] ...m/pack/standalone/opt/nvim-metals/lua/metals/install.lua:37: Downloading https://oss.sonatype.org/content/repositories/snapshots/org/scalameta/mtags-interfaces/0.11.2+166-fc2e37c1-SNAPSHOT/mtags-interfaces-0.11.2+166-fc2e37c1-SNAPSHOT.jar.sha1
[INFO  Mo 11 Apr 2022 13:06:00 CEST] ...m/pack/standalone/opt/nvim-metals/lua/metals/install.lua:37: Downloaded https://oss.sonatype.org/content/repositories/snapshots/org/scalameta/mtags-interfaces/0.11.2+166-fc2e37c1-SNAPSHOT/mtags-interfaces-0.11.2+166-fc2e37c1-SNAPSHOT.jar.sha1
[INFO  Mo 11 Apr 2022 13:06:00 CEST] ...m/pack/standalone/opt/nvim-metals/lua/metals/install.lua:37: Downloaded https://oss.sonatype.org/content/repositories/snapshots/org/scalameta/mtags_2.13.8/0.11.2+166-fc2e37c1-SNAPSHOT/mtags_2.13.8-0.11.2+166-fc2e37c1-SNAPSHOT.jar
[INFO  Mo 11 Apr 2022 13:06:00 CEST] ...m/pack/standalone/opt/nvim-metals/lua/metals/install.lua:37: Downloading https://oss.sonatype.org/content/repositories/snapshots/org/scalameta/mtags_2.13.8/0.11.2+166-fc2e37c1-SNAPSHOT/mtags_2.13.8-0.11.2+166-fc2e37c1-SNAPSHOT.jar.sha1
[INFO  Mo 11 Apr 2022 13:06:00 CEST] ...m/pack/standalone/opt/nvim-metals/lua/metals/install.lua:37: Downloaded https://oss.sonatype.org/content/repositories/snapshots/org/scalameta/mtags_2.13.8/0.11.2+166-fc2e37c1-SNAPSHOT/mtags_2.13.8-0.11.2+166-fc2e37c1-SNAPSHOT.jar.sha1
[INFO  Mo 11 Apr 2022 13:06:00 CEST] ...m/pack/standalone/opt/nvim-metals/lua/metals/install.lua:37: Downloaded https://oss.sonatype.org/content/repositories/snapshots/ch/epfl/scala/bsp4j/2.0.0+70-f6e47d42-SNAPSHOT/bsp4j-2.0.0+70-f6e47d42-SNAPSHOT.jar
[INFO  Mo 11 Apr 2022 13:06:00 CEST] ...m/pack/standalone/opt/nvim-metals/lua/metals/install.lua:37: Downloading https://oss.sonatype.org/content/repositories/snapshots/ch/epfl/scala/bsp4j/2.0.0+70-f6e47d42-SNAPSHOT/bsp4j-2.0.0+70-f6e47d42-SNAPSHOT.jar.sha1
[INFO  Mo 11 Apr 2022 13:06:00 CEST] ...m/pack/standalone/opt/nvim-metals/lua/metals/install.lua:37: Downloaded https://oss.sonatype.org/content/repositories/snapshots/ch/epfl/scala/bsp4j/2.0.0+70-f6e47d42-SNAPSHOT/bsp4j-2.0.0+70-f6e47d42-SNAPSHOT.jar.sha1
[INFO  Mo 11 Apr 2022 13:06:03 CEST] ...m/pack/standalone/opt/nvim-metals/lua/metals/install.lua:37: Downloaded https://oss.sonatype.org/content/repositories/snapshots/org/scalameta/metals_2.13/0.11.2+166-fc2e37c1-SNAPSHOT/metals_2.13-0.11.2+166-fc2e37c1-SNAPSHOT.jar
[INFO  Mo 11 Apr 2022 13:06:03 CEST] ...m/pack/standalone/opt/nvim-metals/lua/metals/install.lua:37: Downloading https://oss.sonatype.org/content/repositories/snapshots/org/scalameta/metals_2.13/0.11.2+166-fc2e37c1-SNAPSHOT/metals_2.13-0.11.2+166-fc2e37c1-SNAPSHOT.jar.sha1
[INFO  Mo 11 Apr 2022 13:06:03 CEST] ...m/pack/standalone/opt/nvim-metals/lua/metals/install.lua:37: Downloaded https://oss.sonatype.org/content/repositories/snapshots/org/scalameta/metals_2.13/0.11.2+166-fc2e37c1-SNAPSHOT/metals_2.13-0.11.2+166-fc2e37c1-SNAPSHOT.jar.sha1
[INFO  Mo 11 Apr 2022 13:06:03 CEST] ...m/pack/standalone/opt/nvim-metals/lua/metals/install.lua:37: Wrote /home/snuc/.cache/nvim/nvim-metals/metals
[INFO  Mo 11 Apr 2022 13:06:03 CEST] ...m/pack/standalone/opt/nvim-metals/lua/metals/install.lua:19: Metals installed! Start/Restart the server, and have fun coding Scala!
